{
  "stats": {
    "suites": 1,
    "tests": 6,
    "passes": 4,
    "pending": 0,
    "failures": 2,
    "start": "2021-05-31T03:22:59.174Z",
    "end": "2021-05-31T03:23:15.689Z",
    "duration": 16515,
    "testsRegistered": 6,
    "passPercent": 66.66666666666666,
    "pendingPercent": 0,
    "other": 0,
    "hasOther": false,
    "skipped": 0,
    "hasSkipped": false
  },
  "results": [
    {
      "uuid": "239335d6-9426-432d-901a-d3aaf3628016",
      "title": "",
      "fullFile": "cypress/integration/telas.spec.js",
      "file": "cypress/integration/telas.spec.js",
      "beforeHooks": [],
      "afterHooks": [],
      "tests": [],
      "suites": [
        {
          "uuid": "601123fd-2cc6-4e85-81be-28b8bf995fc3",
          "title": "Testando as telas",
          "fullFile": "",
          "file": "",
          "beforeHooks": [],
          "afterHooks": [],
          "tests": [
            {
              "title": "Cenario de Teste: Navegação das páginas",
              "fullTitle": "Testando as telas Cenario de Teste: Navegação das páginas",
              "timedOut": null,
              "duration": 9820,
              "state": "failed",
              "speed": null,
              "pass": false,
              "fail": true,
              "pending": false,
              "context": null,
              "code": "cy.visit('http://localhost:3000/register');\ncy.get('[data-cy=reg-nome]').type('Aluno');\ncy.get('[data-cy=reg-email]').type('aluno@');\ncy.get('[data-cy=reg-senha]').type('123');\ncy.get('[data-cy=btn-registrar]').click();\ncy.get('[data-cy=email]').type('aluno@');\ncy.get('[data-cy=\"senha\"]').type('123');\ncy.get('[data-cy=btn-entrar]').click();\ncy.get('[data-cy=btn_upload]').click();\ncy.get('[data-cy=\"nomeArquivo\"]').type('Arquivo1');\ncy.get('[data-cy=\"categoriaArquivo\"]').type('Calculo');\ncy.get('[data-cy=\"btn-enviar\"]').click();\ncy.visit('http://localhost:3000/');",
              "err": {
                "message": "AssertionError: Timed out retrying after 4000ms: Expected to find element: `[data-cy=\"nomeArquivo\"]`, but never found it.",
                "estack": "AssertionError: Timed out retrying after 4000ms: Expected to find element: `[data-cy=\"nomeArquivo\"]`, but never found it.\n    at Context.eval (http://localhost:3000/__cypress/tests?p=cypress\\integration\\telas.spec.js:112:8)",
                "diff": null
              },
              "uuid": "05934a38-6dd0-4517-ba14-8e96a3e4a98a",
              "parentUUID": "601123fd-2cc6-4e85-81be-28b8bf995fc3",
              "isHook": false,
              "skipped": false
            },
            {
              "title": "Cenario de Teste: Cadastrando um Aluno não existente no banco",
              "fullTitle": "Testando as telas Cenario de Teste: Cadastrando um Aluno não existente no banco",
              "timedOut": null,
              "duration": 2814,
              "state": "failed",
              "speed": null,
              "pass": false,
              "fail": true,
              "pending": false,
              "context": null,
              "code": "cy.visit('http://localhost:3000/register');\ncy.get('[data-cy=reg-nome]').type('Aluno4');\ncy.get('[data-cy=reg-email]').type('al4@');\ncy.get('[data-cy=reg-senha]').type('123');\ncy.server();\ncy.route('POST', '**/Cadastro').as('cadastrarAluno');\ncy.get('[data-cy=btn-registrar]').click(); // eslint-disable-next-line jest/valid-expect-in-promise\ncy.wait('@cadastrarAluno').then(xhr => {\n  // eslint-disable-next-line no-unused-expressions\n  expect(xhr.response.body).is.not.null;\n  expect(xhr.response.body).has.property('Parametro').be.eq(0);\n});",
              "err": {
                "message": "AssertionError: expected 1 to equal 0",
                "estack": "AssertionError: expected 1 to equal 0\n    at Context.eval (http://localhost:3000/__cypress/tests?p=cypress\\integration\\telas.spec.js:129:62)",
                "diff": null
              },
              "uuid": "60ffba37-27c9-4496-8f6a-e41526215abd",
              "parentUUID": "601123fd-2cc6-4e85-81be-28b8bf995fc3",
              "isHook": false,
              "skipped": false
            },
            {
              "title": "Cenario de Teste: Cadastrando um Aluno existente no banco",
              "fullTitle": "Testando as telas Cenario de Teste: Cadastrando um Aluno existente no banco",
              "timedOut": null,
              "duration": 1164,
              "state": "passed",
              "speed": "slow",
              "pass": true,
              "fail": false,
              "pending": false,
              "context": null,
              "code": "cy.visit('http://localhost:3000/register');\ncy.get('[data-cy=reg-nome]').type('Nicole');\ncy.get('[data-cy=reg-email]').type('ni@');\ncy.get('[data-cy=reg-senha]').type('123');\ncy.server();\ncy.route('POST', '**/Cadastro').as('cadastrarAluno');\ncy.get('[data-cy=btn-registrar]').click(); // eslint-disable-next-line jest/valid-expect-in-promise\ncy.wait('@cadastrarAluno').then(xhr => {\n  // eslint-disable-next-line no-unused-expressions\n  expect(xhr.response.body).is.not.null;\n  expect(xhr.response.body).has.property('Parametro').be.eq(1);\n});",
              "err": {},
              "uuid": "3d955fd0-88b2-435f-a2da-81d5f7bf8757",
              "parentUUID": "601123fd-2cc6-4e85-81be-28b8bf995fc3",
              "isHook": false,
              "skipped": false
            },
            {
              "title": "Cenario de Teste: Logar um Aluno já cadastrado no banco",
              "fullTitle": "Testando as telas Cenario de Teste: Logar um Aluno já cadastrado no banco",
              "timedOut": null,
              "duration": 110,
              "state": "passed",
              "speed": "slow",
              "pass": true,
              "fail": false,
              "pending": false,
              "context": null,
              "code": "// eslint-disable-next-line jest/valid-expect-in-promise\ncy.request({\n  method: 'POST',\n  url: 'http://localhost:3333/login',\n  body: {\n    \"Email\": \"ni@\",\n    \"Senha\": \"123\"\n  }\n}).then(response => {\n  // eslint-disable-next-line no-unused-expressions\n  expect(response.body.auth).is.not.null;\n  cy.log(response.body.token);\n});",
              "err": {},
              "uuid": "d65be5ee-a30d-4527-8f39-65cfb1030f7b",
              "parentUUID": "601123fd-2cc6-4e85-81be-28b8bf995fc3",
              "isHook": false,
              "skipped": false
            },
            {
              "title": "Cenario de Teste: Logar um Aluno não cadastrado no banco",
              "fullTitle": "Testando as telas Cenario de Teste: Logar um Aluno não cadastrado no banco",
              "timedOut": null,
              "duration": 103,
              "state": "passed",
              "speed": "slow",
              "pass": true,
              "fail": false,
              "pending": false,
              "context": null,
              "code": "// eslint-disable-next-line jest/valid-expect-in-promise\ncy.request({\n  method: 'POST',\n  url: 'http://localhost:3333/login',\n  body: {\n    \"Email\": \"teste@\",\n    \"Senha\": \"123\"\n  }\n}).then(response => {\n  // eslint-disable-next-line no-unused-expressions\n  expect(response.body.auth).is.false;\n  cy.log(response.body.token);\n});",
              "err": {},
              "uuid": "190fa9d4-6804-4d49-bdff-b7c84c53dd21",
              "parentUUID": "601123fd-2cc6-4e85-81be-28b8bf995fc3",
              "isHook": false,
              "skipped": false
            },
            {
              "title": "Cenario de Teste: Inserir Arquivo no banco",
              "fullTitle": "Testando as telas Cenario de Teste: Inserir Arquivo no banco",
              "timedOut": null,
              "duration": 100,
              "state": "passed",
              "speed": "slow",
              "pass": true,
              "fail": false,
              "pending": false,
              "context": null,
              "code": "// eslint-disable-next-line jest/valid-expect-in-promise\ncy.request({\n  method: 'POST',\n  url: 'http://localhost:3333/arquivo',\n  body: {\n    \"IdAluno_Arquivos\": 3,\n    \"NomeArquivo\": \"ProvaAlgebra\",\n    \"Categoria\": \"PDF\",\n    \"URls\": \"url@\",\n    \"NumeroCurtidas\": 34,\n    \"Tipo\": \"pdf\"\n  }\n}).then(response => {\n  cy.log(response.body);\n});",
              "err": {},
              "uuid": "24ba23e3-8b61-43d0-8a82-02392a5a92c1",
              "parentUUID": "601123fd-2cc6-4e85-81be-28b8bf995fc3",
              "isHook": false,
              "skipped": false
            }
          ],
          "suites": [],
          "passes": [
            "3d955fd0-88b2-435f-a2da-81d5f7bf8757",
            "d65be5ee-a30d-4527-8f39-65cfb1030f7b",
            "190fa9d4-6804-4d49-bdff-b7c84c53dd21",
            "24ba23e3-8b61-43d0-8a82-02392a5a92c1"
          ],
          "failures": [
            "05934a38-6dd0-4517-ba14-8e96a3e4a98a",
            "60ffba37-27c9-4496-8f6a-e41526215abd"
          ],
          "pending": [],
          "skipped": [],
          "duration": 14111,
          "root": false,
          "rootEmpty": false,
          "_timeout": 2000
        }
      ],
      "passes": [],
      "failures": [],
      "pending": [],
      "skipped": [],
      "duration": 0,
      "root": true,
      "rootEmpty": true,
      "_timeout": 2000
    }
  ],
  "meta": {
    "mocha": {
      "version": "7.0.1"
    },
    "mochawesome": {
      "options": {
        "quiet": false,
        "reportFilename": "mochawesome",
        "saveHtml": true,
        "saveJson": true,
        "consoleReporter": "spec",
        "useInlineDiffs": false,
        "code": true
      },
      "version": "6.2.2"
    },
    "marge": {
      "options": {
        "id": "default",
        "reportDir": "cypress/reports/mocha",
        "quite": true,
        "overwrite": false,
        "html": true,
        "json": true
      },
      "version": "5.2.0"
    }
  }
}