{
  "stats": {
    "suites": 1,
    "tests": 6,
    "passes": 5,
    "pending": 0,
    "failures": 1,
    "start": "2021-05-31T03:02:05.361Z",
    "end": "2021-05-31T03:02:19.628Z",
    "duration": 14267,
    "testsRegistered": 6,
    "passPercent": 83.33333333333334,
    "pendingPercent": 0,
    "other": 0,
    "hasOther": false,
    "skipped": 0,
    "hasSkipped": false
  },
  "results": [
    {
      "uuid": "480404de-12bb-497f-ba0b-d1eafb773b23",
      "title": "",
      "fullFile": "cypress/integration/telas.spec.js",
      "file": "cypress/integration/telas.spec.js",
      "beforeHooks": [],
      "afterHooks": [],
      "tests": [],
      "suites": [
        {
          "uuid": "4a73b139-d240-43fd-8003-c1c9f2d14748",
          "title": "Testando as telas",
          "fullFile": "",
          "file": "",
          "beforeHooks": [],
          "afterHooks": [],
          "tests": [
            {
              "title": "Cenario de Teste: Navegação das páginas",
              "fullTitle": "Testando as telas Cenario de Teste: Navegação das páginas",
              "timedOut": null,
              "duration": 8763,
              "state": "failed",
              "speed": null,
              "pass": false,
              "fail": true,
              "pending": false,
              "context": null,
              "code": "cy.visit('http://localhost:3000/register');\ncy.get('[data-cy=reg-nome]').type('Aluno');\ncy.get('[data-cy=reg-email]').type('aluno@');\ncy.get('[data-cy=reg-senha]').type('123');\ncy.get('[data-cy=btn-registrar]').click();\ncy.get('[data-cy=email]').type('aluno@');\ncy.get('[data-cy=\"senha\"]').type('123');\ncy.get('[data-cy=btn-entrar]').click();\ncy.get('[data-cy=btn_upload]').click();\ncy.get('[data-cy=\"nomeArquivo\"]').type('Arquivo1');\ncy.get('[data-cy=\"categoriaArquivo\"]').type('Calculo');\ncy.get('[data-cy=\"btn-enviar\"]').click();\ncy.visit('http://localhost:3000/');",
              "err": {
                "message": "AssertionError: Timed out retrying after 4000ms: Expected to find element: `[data-cy=\"nomeArquivo\"]`, but never found it.",
                "estack": "AssertionError: Timed out retrying after 4000ms: Expected to find element: `[data-cy=\"nomeArquivo\"]`, but never found it.\n    at Context.eval (http://localhost:3000/__cypress/tests?p=cypress\\integration\\telas.spec.js:112:8)",
                "diff": null
              },
              "uuid": "5cb88dc0-fddf-4b03-b3c0-aaf96df9daf3",
              "parentUUID": "4a73b139-d240-43fd-8003-c1c9f2d14748",
              "isHook": false,
              "skipped": false
            },
            {
              "title": "Cenario de Teste: Cadastrando um Aluno não existente no banco",
              "fullTitle": "Testando as telas Cenario de Teste: Cadastrando um Aluno não existente no banco",
              "timedOut": null,
              "duration": 1893,
              "state": "passed",
              "speed": "slow",
              "pass": true,
              "fail": false,
              "pending": false,
              "context": null,
              "code": "cy.visit('http://localhost:3000/register');\ncy.get('[data-cy=reg-nome]').type('Aluno6');\ncy.get('[data-cy=reg-email]').type('al6@');\ncy.get('[data-cy=reg-senha]').type('123');\ncy.server();\ncy.route('POST', '**/Cadastro').as('cadastrarAluno');\ncy.get('[data-cy=btn-registrar]').click(); // eslint-disable-next-line jest/valid-expect-in-promise\ncy.wait('@cadastrarAluno').then(xhr => {\n  // eslint-disable-next-line no-unused-expressions\n  expect(xhr.response.body).is.not.null;\n  expect(xhr.response.body).has.property('Parametro').be.eq(0);\n});",
              "err": {},
              "uuid": "7df9fcdd-3abb-44d8-bc6e-d9045d113230",
              "parentUUID": "4a73b139-d240-43fd-8003-c1c9f2d14748",
              "isHook": false,
              "skipped": false
            },
            {
              "title": "Cenario de Teste: Cadastrando um Aluno existente no banco",
              "fullTitle": "Testando as telas Cenario de Teste: Cadastrando um Aluno existente no banco",
              "timedOut": null,
              "duration": 1330,
              "state": "passed",
              "speed": "slow",
              "pass": true,
              "fail": false,
              "pending": false,
              "context": null,
              "code": "cy.visit('http://localhost:3000/register');\ncy.get('[data-cy=reg-nome]').type('Nicole');\ncy.get('[data-cy=reg-email]').type('ni@');\ncy.get('[data-cy=reg-senha]').type('123');\ncy.server();\ncy.route('POST', '**/Cadastro').as('cadastrarAluno');\ncy.get('[data-cy=btn-registrar]').click(); // eslint-disable-next-line jest/valid-expect-in-promise\ncy.wait('@cadastrarAluno').then(xhr => {\n  // eslint-disable-next-line no-unused-expressions\n  expect(xhr.response.body).is.not.null;\n  expect(xhr.response.body).has.property('Parametro').be.eq(1);\n});",
              "err": {},
              "uuid": "bc548771-df87-440c-b934-0c2586bba8e1",
              "parentUUID": "4a73b139-d240-43fd-8003-c1c9f2d14748",
              "isHook": false,
              "skipped": false
            },
            {
              "title": "Cenario de Teste: Logar um Aluno já cadastrado no banco",
              "fullTitle": "Testando as telas Cenario de Teste: Logar um Aluno já cadastrado no banco",
              "timedOut": null,
              "duration": 116,
              "state": "passed",
              "speed": "slow",
              "pass": true,
              "fail": false,
              "pending": false,
              "context": null,
              "code": "// eslint-disable-next-line jest/valid-expect-in-promise\ncy.request({\n  method: 'POST',\n  url: 'http://localhost:3333/login',\n  body: {\n    \"Email\": \"ni@\",\n    \"Senha\": \"123\"\n  }\n}).then(response => {\n  // eslint-disable-next-line no-unused-expressions\n  expect(response.body.auth).is.not.null;\n  cy.log(response.body.token);\n});",
              "err": {},
              "uuid": "c8d0cb16-b24a-440c-9140-e314fa94a779",
              "parentUUID": "4a73b139-d240-43fd-8003-c1c9f2d14748",
              "isHook": false,
              "skipped": false
            },
            {
              "title": "Cenario de Teste: Logar um Aluno não cadastrado no banco",
              "fullTitle": "Testando as telas Cenario de Teste: Logar um Aluno não cadastrado no banco",
              "timedOut": null,
              "duration": 72,
              "state": "passed",
              "speed": "medium",
              "pass": true,
              "fail": false,
              "pending": false,
              "context": null,
              "code": "// eslint-disable-next-line jest/valid-expect-in-promise\ncy.request({\n  method: 'POST',\n  url: 'http://localhost:3333/login',\n  body: {\n    \"Email\": \"teste@\",\n    \"Senha\": \"123\"\n  }\n}).then(response => {\n  // eslint-disable-next-line no-unused-expressions\n  expect(response.body.auth).is.false;\n  cy.log(response.body.token);\n});",
              "err": {},
              "uuid": "894adf1c-813e-451f-b37b-1eb5abbbcb59",
              "parentUUID": "4a73b139-d240-43fd-8003-c1c9f2d14748",
              "isHook": false,
              "skipped": false
            },
            {
              "title": "Cenario de Teste: Inserir Arquivo no banco",
              "fullTitle": "Testando as telas Cenario de Teste: Inserir Arquivo no banco",
              "timedOut": null,
              "duration": 91,
              "state": "passed",
              "speed": "slow",
              "pass": true,
              "fail": false,
              "pending": false,
              "context": null,
              "code": "// eslint-disable-next-line jest/valid-expect-in-promise\ncy.request({\n  method: 'POST',\n  url: 'http://localhost:3333/arquivo',\n  body: {\n    \"IdAluno_Arquivos\": 3,\n    \"NomeArquivo\": \"ProvaAlgebra\",\n    \"Categoria\": \"PDF\",\n    \"URls\": \"url@\",\n    \"NumeroCurtidas\": 34,\n    \"Tipo\": \"pdf\"\n  }\n}).then(response => {\n  cy.log(response.body);\n});",
              "err": {},
              "uuid": "1c7caee1-e4e5-4369-b21f-b8973bc7d890",
              "parentUUID": "4a73b139-d240-43fd-8003-c1c9f2d14748",
              "isHook": false,
              "skipped": false
            }
          ],
          "suites": [],
          "passes": [
            "7df9fcdd-3abb-44d8-bc6e-d9045d113230",
            "bc548771-df87-440c-b934-0c2586bba8e1",
            "c8d0cb16-b24a-440c-9140-e314fa94a779",
            "894adf1c-813e-451f-b37b-1eb5abbbcb59",
            "1c7caee1-e4e5-4369-b21f-b8973bc7d890"
          ],
          "failures": [
            "5cb88dc0-fddf-4b03-b3c0-aaf96df9daf3"
          ],
          "pending": [],
          "skipped": [],
          "duration": 12265,
          "root": false,
          "rootEmpty": false,
          "_timeout": 2000
        }
      ],
      "passes": [],
      "failures": [],
      "pending": [],
      "skipped": [],
      "duration": 0,
      "root": true,
      "rootEmpty": true,
      "_timeout": 2000
    }
  ],
  "meta": {
    "mocha": {
      "version": "7.0.1"
    },
    "mochawesome": {
      "options": {
        "quiet": false,
        "reportFilename": "mochawesome",
        "saveHtml": false,
        "saveJson": true,
        "consoleReporter": "spec",
        "useInlineDiffs": false,
        "code": true
      },
      "version": "6.2.2"
    },
    "marge": {
      "options": {
        "id": "default",
        "reportDir": "cypress/reports/mocha",
        "quite": true,
        "overwrite": false,
        "html": false,
        "json": true
      },
      "version": "5.2.0"
    }
  }
}